Logfile initialized
[INFO] logfile = C:\Users\ampersandre\My Documents\Titanium Studio Workspace\BAHOTH Character Cards\build.log
[DEBUG] C:\ProgramData\Titanium\mobilesdk\win32\1.7.2\android\builder.py simulator BAHOTH Character Cards C:\apps\dev\android-sdk-windows C:\Users\ampersandre\My Documents\Titanium Studio Workspace\BAHOTH Character Cards com.amp 4 HVGA
[INFO] Building BAHOTH Character Cards for Android ... one moment
[INFO] Titanium SDK version: 1.7.2 (07/21/11 09:36 97c3689)
[DEBUG] Waiting for device to be ready ...
[TRACE] adb devices returned 1 devices/emulators
[DEBUG] Device connected... (waited 0 seconds)
[DEBUG] waited 0.164000 seconds on emulator to get ready
[DEBUG] com.amp installed? True
[INFO] Fastdev server running, deploying in Fastdev mode
[INFO] Copying project resources..
[TRACE] COPYING MODIFIED FILE: C:\Users\ampersandre\My Documents\Titanium Studio Workspace\BAHOTH Character Cards\Resources\app.js => C:\Users\ampersandre\My Documents\Titanium Studio Workspace\BAHOTH Character Cards\build\android\bin\assets\Resources\app.js
[INFO] Tiapp.xml unchanged, skipping class generation
[DEBUG] Processing Android resource drawables
[INFO] Waiting for SDCard to become available..
[INFO] Re-launching application ... BAHOTH Character Cards
[INFO] Launching application ... BAHOTH Character Cards
[TRACE] Launch output: Starting: Intent { act=android.intent.action.MAIN cat=[android.intent.category.LAUNCHER] cmp=com.amp/.BahothCharacterCardsActivity }
Warning: Activity not started, its current task has been brought to the front

